<?xml version="1.0" encoding="UTF-8"?>
<robot generator="Robot 4.0.3 (Python 3.9.6 on win32)" generated="20210708 13:26:52.931" rpa="false" schemaversion="2">
<suite id="s1" name="Demo" source="C:\Users\ANUP\OneDrive\Desktop\VSC\demo.robot">
<test id="s1-t1" name="Verify Mobiles">
<kw name="User is allowed to Open amazon">
<kw name="Open Browser" library="SeleniumLibrary">
<arg>https://www.amazon.in/</arg>
<arg>gc</arg>
<doc>Opens a new browser instance to the optional ``url``.</doc>
<msg timestamp="20210708 13:26:53.363" level="INFO">Opening browser 'gc' to base url 'https://www.amazon.in/'.</msg>
<status status="PASS" starttime="20210708 13:26:53.363" endtime="20210708 13:27:19.401"/>
</kw>
<kw name="Maximize Browser Window" library="SeleniumLibrary">
<doc>Maximizes current browser window.</doc>
<status status="PASS" starttime="20210708 13:27:19.401" endtime="20210708 13:27:19.533"/>
</kw>
<status status="PASS" starttime="20210708 13:26:53.362" endtime="20210708 13:27:19.534"/>
</kw>
<kw name="Search for Mobiles">
<kw name="Click Element" library="SeleniumLibrary">
<arg>xpath=//*[@id="nav-xshop"]/a[2]</arg>
<doc>Click the element identified by ``locator``.</doc>
<msg timestamp="20210708 13:27:19.537" level="INFO">Clicking element 'xpath=//*[@id="nav-xshop"]/a[2]'.</msg>
<status status="PASS" starttime="20210708 13:27:19.536" endtime="20210708 13:27:28.901"/>
</kw>
<status status="PASS" starttime="20210708 13:27:19.535" endtime="20210708 13:27:28.902"/>
</kw>
<tag>demo</tag>
<status status="PASS" starttime="20210708 13:26:53.361" endtime="20210708 13:27:28.902"/>
</test>
<status status="PASS" starttime="20210708 13:26:52.936" endtime="20210708 13:27:28.905"/>
</suite>
<statistics>
<total>
<stat pass="1" fail="0" skip="0">All Tests</stat>
</total>
<tag>
<stat pass="1" fail="0" skip="0">demo</stat>
</tag>
<suite>
<stat pass="1" fail="0" skip="0" id="s1" name="Demo">Demo</stat>
</suite>
</statistics>
<errors>
</errors>
</robot>
