<?xml version="1.0" encoding="UTF-8"?>
<robot generator="Robot 4.0.3 (Python 3.9.6 on win32)" generated="20210709 12:30:41.495" rpa="false" schemaversion="2">
<suite id="s1" name="Demo" source="C:\Users\ANUP\OneDrive\Desktop\VSC\demo.robot">
<test id="s1-t1" name="Verify Redmi from Mobiles">
<kw name="User is allowed to Open amazon">
<kw name="Open Browser" library="SeleniumLibrary">
<arg>https://www.amazon.in/</arg>
<arg>gc</arg>
<doc>Opens a new browser instance to the optional ``url``.</doc>
<msg timestamp="20210709 12:30:41.793" level="INFO">Opening browser 'gc' to base url 'https://www.amazon.in/'.</msg>
<status status="PASS" starttime="20210709 12:30:41.793" endtime="20210709 12:30:57.982"/>
</kw>
<kw name="Maximize Browser Window" library="SeleniumLibrary">
<doc>Maximizes current browser window.</doc>
<status status="PASS" starttime="20210709 12:30:57.982" endtime="20210709 12:30:58.127"/>
</kw>
<status status="PASS" starttime="20210709 12:30:41.793" endtime="20210709 12:30:58.127"/>
</kw>
<kw name="Search for Mobiles">
<kw name="Click Element" library="SeleniumLibrary">
<arg>xpath=//*[@id="nav-xshop"]/a[2]</arg>
<doc>Click the element identified by ``locator``.</doc>
<msg timestamp="20210709 12:30:58.133" level="INFO">Clicking element 'xpath=//*[@id="nav-xshop"]/a[2]'.</msg>
<status status="PASS" starttime="20210709 12:30:58.131" endtime="20210709 12:31:04.661"/>
</kw>
<status status="PASS" starttime="20210709 12:30:58.129" endtime="20210709 12:31:04.661"/>
</kw>
<kw name="search for Redmi">
<kw name="Click Element" library="SeleniumLibrary">
<arg>xpath=//*[@id="s-refinements"]/div[5]/ul/li[1]/span/a/div</arg>
<doc>Click the element identified by ``locator``.</doc>
<msg timestamp="20210709 12:31:04.662" level="INFO">Clicking element 'xpath=//*[@id="s-refinements"]/div[5]/ul/li[1]/span/a/div'.</msg>
<status status="PASS" starttime="20210709 12:31:04.662" endtime="20210709 12:31:08.291"/>
</kw>
<kw name="Click Element" library="SeleniumLibrary">
<arg>xpath=//*[@id="search"]/div[1]/div/div[1]/div/span[3]/div[2]/div[1]/div/span/div/div/span/a/div/img</arg>
<doc>Click the element identified by ``locator``.</doc>
<msg timestamp="20210709 12:31:08.292" level="INFO">Clicking element 'xpath=//*[@id="search"]/div[1]/div/div[1]/div/span[3]/div[2]/div[1]/div/span/div/div/span/a/div/img'.</msg>
<status status="PASS" starttime="20210709 12:31:08.292" endtime="20210709 12:31:08.399"/>
</kw>
<status status="PASS" starttime="20210709 12:31:04.662" endtime="20210709 12:31:08.399"/>
</kw>
<tag>demo</tag>
<status status="PASS" starttime="20210709 12:30:41.792" endtime="20210709 12:31:08.400"/>
</test>
<status status="PASS" starttime="20210709 12:30:41.498" endtime="20210709 12:31:08.402"/>
</suite>
<statistics>
<total>
<stat pass="1" fail="0" skip="0">All Tests</stat>
</total>
<tag>
<stat pass="1" fail="0" skip="0">demo</stat>
</tag>
<suite>
<stat pass="1" fail="0" skip="0" id="s1" name="Demo">Demo</stat>
</suite>
</statistics>
<errors>
</errors>
</robot>
